Already up to date.
[main 0742224] sync: 2026-04-09 18:00:05
 2 files changed, 9 insertions(+)
 create mode 100644 sync.log
 create mode 100755 sync.sh
To github.com:warren-quickstory/Obsidian.git
   e68a7d8..0742224  main -> main
[main b271501] sync: 2026-04-09 18:30:01
 1 file changed, 6 insertions(+)
To github.com:warren-quickstory/Obsidian.git
   0742224..b271501  main -> main
[main 19bc659] sync: 2026-04-09 19:00:01
 2 files changed, 5 insertions(+)
 create mode 100644 text.md
To github.com:warren-quickstory/Obsidian.git
   b271501..19bc659  main -> main
[Thu Apr  9 07:04:08 PM CST 2026] Obsidian vault watcher started
Setting up watches.  Beware: since -r was given, this may take a while!
Watches established.
[Thu Apr  9 07:04:08 PM CST 2026] MODIFY: /home/admin/obsidian-vault/sync.log
[main b0ff1eb] sync: 2026-04-09 19:04:10 - sync.log
 2 files changed, 29 insertions(+)
 create mode 100755 watch.sh
To github.com:warren-quickstory/Obsidian.git
   19bc659..b0ff1eb  main -> main
[Thu Apr  9 07:04:12 PM CST 2026] Pushed: sync.log
[Thu Apr  9 07:04:12 PM CST 2026] MODIFY: /home/admin/obsidian-vault/sync.log
[main 332d79f] sync: 2026-04-09 19:04:14 - sync.log
 1 file changed, 7 insertions(+)
To github.com:warren-quickstory/Obsidian.git
   b0ff1eb..332d79f  main -> main
[Thu Apr  9 07:04:17 PM CST 2026] Pushed: sync.log
[Thu Apr  9 07:04:17 PM CST 2026] MODIFY: /home/admin/obsidian-vault/sync.log
[main 804ff2e] sync: 2026-04-09 19:04:19 - sync.log
 1 file changed, 6 insertions(+)
To github.com:warren-quickstory/Obsidian.git
   332d79f..804ff2e  main -> main
[Thu Apr  9 07:04:21 PM CST 2026] Pushed: sync.log
[Thu Apr  9 07:04:21 PM CST 2026] MODIFY: /home/admin/obsidian-vault/sync.log
[main 62b96a4] sync: 2026-04-09 19:04:23 - sync.log
 1 file changed, 6 insertions(+)
To github.com:warren-quickstory/Obsidian.git
   804ff2e..62b96a4  main -> main
[Thu Apr  9 07:04:26 PM CST 2026] Pushed: sync.log
[Thu Apr  9 07:04:26 PM CST 2026] MODIFY: /home/admin/obsidian-vault/sync.log
[main 76cc7a8] sync: 2026-04-09 19:04:28 - sync.log
 1 file changed, 6 insertions(+)
To github.com:warren-quickstory/Obsidian.git
   62b96a4..76cc7a8  main -> main
[Thu Apr  9 07:04:31 PM CST 2026] Pushed: sync.log
[Thu Apr  9 07:04:31 PM CST 2026] MODIFY: /home/admin/obsidian-vault/sync.log
[main 9780649] sync: 2026-04-09 19:04:33 - sync.log
 1 file changed, 6 insertions(+)
To github.com:warren-quickstory/Obsidian.git
   76cc7a8..9780649  main -> main
[Thu Apr  9 07:04:35 PM CST 2026] Pushed: sync.log
[Thu Apr  9 07:04:35 PM CST 2026] MODIFY: /home/admin/obsidian-vault/sync.log
[main 293dd1b] sync: 2026-04-09 19:04:37 - sync.log
 1 file changed, 6 insertions(+)
To github.com:warren-quickstory/Obsidian.git
   9780649..293dd1b  main -> main
[Thu Apr  9 07:04:40 PM CST 2026] Pushed: sync.log
[Thu Apr  9 07:04:40 PM CST 2026] MODIFY: /home/admin/obsidian-vault/sync.log
[main 0ca5a61] sync: 2026-04-09 19:04:42 - sync.log
 1 file changed, 6 insertions(+)
To github.com:warren-quickstory/Obsidian.git
   293dd1b..0ca5a61  main -> main
[Thu Apr  9 07:04:44 PM CST 2026] Pushed: sync.log
[Thu Apr  9 07:04:44 PM CST 2026] MODIFY: /home/admin/obsidian-vault/sync.log
